2023-06-10T03:31:03+00:00 CRITICAL Uncaught Error: Undefined constant "so_dien_thoai" in C:\laragon\www\Core\PHP Tutorial\shopping\wp-content\plugins\demo-plugin.php:27
Stack trace:
#0 C:\laragon\www\Core\PHP Tutorial\shopping\wp-includes\class-wp-hook.php(308): phandong_setting_page('')
#1 C:\laragon\www\Core\PHP Tutorial\shopping\wp-includes\class-wp-hook.php(332): WP_Hook->apply_filters('', Array)
#2 C:\laragon\www\Core\PHP Tutorial\shopping\wp-includes\plugin.php(517): WP_Hook->do_action(Array)
#3 C:\laragon\www\Core\PHP Tutorial\shopping\wp-admin\admin.php(259): do_action('toplevel_page_n...')
#4 {main}
  thrown in C:\laragon\www\Core\PHP Tutorial\shopping\wp-content\plugins\demo-plugin.php on line 27

2023-06-10T03:31:56+00:00 CRITICAL Uncaught Error: Undefined constant "so_dien_thoai" in C:\laragon\www\Core\PHP Tutorial\shopping\wp-content\plugins\demo-plugin.php:27
Stack trace:
#0 C:\laragon\www\Core\PHP Tutorial\shopping\wp-includes\class-wp-hook.php(308): phandong_setting_page('')
#1 C:\laragon\www\Core\PHP Tutorial\shopping\wp-includes\class-wp-hook.php(332): WP_Hook->apply_filters('', Array)
#2 C:\laragon\www\Core\PHP Tutorial\shopping\wp-includes\plugin.php(517): WP_Hook->do_action(Array)
#3 C:\laragon\www\Core\PHP Tutorial\shopping\wp-admin\admin.php(259): do_action('toplevel_page_n...')
#4 {main}
  thrown in C:\laragon\www\Core\PHP Tutorial\shopping\wp-content\plugins\demo-plugin.php on line 27

2023-06-10T07:37:36+00:00 CRITICAL Uncaught Error: Call to undefined function ab_start() in C:\laragon\www\Core\PHP Tutorial\shopping\wp-content\plugins\form.php:18
Stack trace:
#0 C:\laragon\www\Core\PHP Tutorial\shopping\wp-includes\shortcodes.php(355): phandong_form('', '', 'form_dang_ki')
#1 [internal function]: do_shortcode_tag(Array)
#2 C:\laragon\www\Core\PHP Tutorial\shopping\wp-includes\shortcodes.php(227): preg_replace_callback('/\\[(\\[?)(form_d...', 'do_shortcode_ta...', '[shortcode1 tha...')
#3 C:\laragon\www\Core\PHP Tutorial\shopping\wp-includes\class-wp-hook.php(308): do_shortcode('[shortcode1 tha...')
#4 C:\laragon\www\Core\PHP Tutorial\shopping\wp-includes\plugin.php(205): WP_Hook->apply_filters('[shortcode1 tha...', Array)
#5 C:\laragon\www\Core\PHP Tutorial\shopping\wp-includes\post-template.php(255): apply_filters('the_content', '[shortcode1 tha...')
#6 C:\laragon\www\Core\PHP Tutorial\shopping\wp-content\themes\orchid-store\template-parts\content-single.php(84): the_content()
#7 C:\laragon\www\Core\PHP Tutorial\shopping\wp-includes\template.php(785): require('C:\\laragon\\www\\...')
#8 C:\laragon\www\Core\PHP Tutorial\shopping\wp-includes\template.php(718): load_template('C:\\laragon\\www\\...', false, Array)
#9 C:\laragon\www\Core\PHP Tutorial\shopping\wp-includes\general-template.php(204): locate_template(Array, true, false, Array)
#10 C:\laragon\www\Core\PHP Tutorial\shopping\wp-content\themes\orchid-store\single.php(31): get_template_part('template-parts/...', 'single')
#11 C:\laragon\www\Core\PHP Tutorial\shopping\wp-includes\template-loader.php(106): include('C:\\laragon\\www\\...')
#12 C:\laragon\www\Core\PHP Tutorial\shopping\wp-blog-header.php(19): require_once('C:\\laragon\\www\\...')
#13 C:\laragon\www\Core\PHP Tutorial\shopping\index.php(17): require('C:\\laragon\\www\\...')
#14 {main}
  thrown in C:\laragon\www\Core\PHP Tutorial\shopping\wp-content\plugins\form.php on line 18

2023-06-10T10:27:32+00:00 CRITICAL Uncaught Error: Call to undefined function add_acction() in C:\laragon\www\Core\PHP Tutorial\shopping\wp-content\plugins\message.php:11
Stack trace:
#0 C:\laragon\www\Core\PHP Tutorial\shopping\wp-admin\includes\plugin.php(2314): include_once()
#1 C:\laragon\www\Core\PHP Tutorial\shopping\wp-admin\includes\plugin.php(661): plugin_sandbox_scrape('message.php')
#2 C:\laragon\www\Core\PHP Tutorial\shopping\wp-admin\plugins.php(58): activate_plugin('message.php', 'http://shopping...', false)
#3 {main}
  thrown in C:\laragon\www\Core\PHP Tutorial\shopping\wp-content\plugins\message.php on line 11

2023-06-10T10:27:36+00:00 CRITICAL Uncaught Error: Call to undefined function add_acction() in C:\laragon\www\Core\PHP Tutorial\shopping\wp-content\plugins\message.php:11
Stack trace:
#0 C:\laragon\www\Core\PHP Tutorial\shopping\wp-admin\includes\plugin.php(2314): include_once()
#1 C:\laragon\www\Core\PHP Tutorial\shopping\wp-admin\plugins.php(192): plugin_sandbox_scrape('message.php')
#2 {main}
  thrown in C:\laragon\www\Core\PHP Tutorial\shopping\wp-content\plugins\message.php on line 11

2023-06-10T10:27:36+00:00 CRITICAL Uncaught Error: Call to undefined function add_acction() in C:\laragon\www\Core\PHP Tutorial\shopping\wp-content\plugins\message.php:11
Stack trace:
#0 C:\laragon\www\Core\PHP Tutorial\shopping\wp-admin\includes\plugin.php(2314): include_once()
#1 C:\laragon\www\Core\PHP Tutorial\shopping\wp-admin\plugins.php(192): plugin_sandbox_scrape('message.php')
#2 {main}
  thrown in C:\laragon\www\Core\PHP Tutorial\shopping\wp-content\plugins\message.php on line 11

2023-06-10T10:29:56+00:00 CRITICAL Uncaught Error: Call to undefined function add_acction() in C:\laragon\www\Core\PHP Tutorial\shopping\wp-content\plugins\message.php:11
Stack trace:
#0 C:\laragon\www\Core\PHP Tutorial\shopping\wp-admin\includes\plugin.php(2314): include_once()
#1 C:\laragon\www\Core\PHP Tutorial\shopping\wp-admin\includes\plugin.php(661): plugin_sandbox_scrape('message.php')
#2 C:\laragon\www\Core\PHP Tutorial\shopping\wp-admin\plugins.php(58): activate_plugin('message.php', 'http://shopping...', false)
#3 {main}
  thrown in C:\laragon\www\Core\PHP Tutorial\shopping\wp-content\plugins\message.php on line 11

2023-06-10T10:30:00+00:00 CRITICAL Uncaught Error: Call to undefined function add_acction() in C:\laragon\www\Core\PHP Tutorial\shopping\wp-content\plugins\message.php:11
Stack trace:
#0 C:\laragon\www\Core\PHP Tutorial\shopping\wp-admin\includes\plugin.php(2314): include_once()
#1 C:\laragon\www\Core\PHP Tutorial\shopping\wp-admin\plugins.php(192): plugin_sandbox_scrape('message.php')
#2 {main}
  thrown in C:\laragon\www\Core\PHP Tutorial\shopping\wp-content\plugins\message.php on line 11

2023-06-10T10:30:01+00:00 CRITICAL Uncaught Error: Call to undefined function add_acction() in C:\laragon\www\Core\PHP Tutorial\shopping\wp-content\plugins\message.php:11
Stack trace:
#0 C:\laragon\www\Core\PHP Tutorial\shopping\wp-admin\includes\plugin.php(2314): include_once()
#1 C:\laragon\www\Core\PHP Tutorial\shopping\wp-admin\plugins.php(192): plugin_sandbox_scrape('message.php')
#2 {main}
  thrown in C:\laragon\www\Core\PHP Tutorial\shopping\wp-content\plugins\message.php on line 11

2023-06-10T10:30:27+00:00 CRITICAL Uncaught Error: Call to undefined function add_acction() in C:\laragon\www\Core\PHP Tutorial\shopping\wp-content\plugins\message.php:11
Stack trace:
#0 C:\laragon\www\Core\PHP Tutorial\shopping\wp-admin\includes\plugin.php(2314): include_once()
#1 C:\laragon\www\Core\PHP Tutorial\shopping\wp-admin\includes\plugin.php(661): plugin_sandbox_scrape('message.php')
#2 C:\laragon\www\Core\PHP Tutorial\shopping\wp-admin\plugins.php(58): activate_plugin('message.php', 'http://shopping...', false)
#3 {main}
  thrown in C:\laragon\www\Core\PHP Tutorial\shopping\wp-content\plugins\message.php on line 11

2023-06-10T10:30:32+00:00 CRITICAL Uncaught Error: Call to undefined function add_acction() in C:\laragon\www\Core\PHP Tutorial\shopping\wp-content\plugins\message.php:11
Stack trace:
#0 C:\laragon\www\Core\PHP Tutorial\shopping\wp-admin\includes\plugin.php(2314): include_once()
#1 C:\laragon\www\Core\PHP Tutorial\shopping\wp-admin\plugins.php(192): plugin_sandbox_scrape('message.php')
#2 {main}
  thrown in C:\laragon\www\Core\PHP Tutorial\shopping\wp-content\plugins\message.php on line 11

2023-06-10T10:30:33+00:00 CRITICAL Uncaught Error: Call to undefined function add_acction() in C:\laragon\www\Core\PHP Tutorial\shopping\wp-content\plugins\message.php:11
Stack trace:
#0 C:\laragon\www\Core\PHP Tutorial\shopping\wp-admin\includes\plugin.php(2314): include_once()
#1 C:\laragon\www\Core\PHP Tutorial\shopping\wp-admin\plugins.php(192): plugin_sandbox_scrape('message.php')
#2 {main}
  thrown in C:\laragon\www\Core\PHP Tutorial\shopping\wp-content\plugins\message.php on line 11

2023-06-10T10:31:01+00:00 CRITICAL Uncaught Error: Call to undefined function add_acction() in C:\laragon\www\Core\PHP Tutorial\shopping\wp-content\plugins\message.php:10
Stack trace:
#0 C:\laragon\www\Core\PHP Tutorial\shopping\wp-admin\includes\plugin.php(2314): include_once()
#1 C:\laragon\www\Core\PHP Tutorial\shopping\wp-admin\includes\plugin.php(661): plugin_sandbox_scrape('message.php')
#2 C:\laragon\www\Core\PHP Tutorial\shopping\wp-admin\plugins.php(58): activate_plugin('message.php', 'http://shopping...', false)
#3 {main}
  thrown in C:\laragon\www\Core\PHP Tutorial\shopping\wp-content\plugins\message.php on line 10

2023-06-10T10:31:05+00:00 CRITICAL Uncaught Error: Call to undefined function add_acction() in C:\laragon\www\Core\PHP Tutorial\shopping\wp-content\plugins\message.php:10
Stack trace:
#0 C:\laragon\www\Core\PHP Tutorial\shopping\wp-admin\includes\plugin.php(2314): include_once()
#1 C:\laragon\www\Core\PHP Tutorial\shopping\wp-admin\plugins.php(192): plugin_sandbox_scrape('message.php')
#2 {main}
  thrown in C:\laragon\www\Core\PHP Tutorial\shopping\wp-content\plugins\message.php on line 10

2023-06-10T10:31:05+00:00 CRITICAL Uncaught Error: Call to undefined function add_acction() in C:\laragon\www\Core\PHP Tutorial\shopping\wp-content\plugins\message.php:10
Stack trace:
#0 C:\laragon\www\Core\PHP Tutorial\shopping\wp-admin\includes\plugin.php(2314): include_once()
#1 C:\laragon\www\Core\PHP Tutorial\shopping\wp-admin\plugins.php(192): plugin_sandbox_scrape('message.php')
#2 {main}
  thrown in C:\laragon\www\Core\PHP Tutorial\shopping\wp-content\plugins\message.php on line 10

2023-06-10T10:31:53+00:00 CRITICAL Uncaught Error: Call to undefined function add_acction() in C:\laragon\www\Core\PHP Tutorial\shopping\wp-content\plugins\message.php:10
Stack trace:
#0 C:\laragon\www\Core\PHP Tutorial\shopping\wp-admin\includes\plugin.php(2314): include_once()
#1 C:\laragon\www\Core\PHP Tutorial\shopping\wp-admin\includes\plugin.php(661): plugin_sandbox_scrape('message.php')
#2 C:\laragon\www\Core\PHP Tutorial\shopping\wp-admin\plugins.php(58): activate_plugin('message.php', 'http://shopping...', false)
#3 {main}
  thrown in C:\laragon\www\Core\PHP Tutorial\shopping\wp-content\plugins\message.php on line 10

2023-06-10T10:31:57+00:00 CRITICAL Uncaught Error: Call to undefined function add_acction() in C:\laragon\www\Core\PHP Tutorial\shopping\wp-content\plugins\message.php:10
Stack trace:
#0 C:\laragon\www\Core\PHP Tutorial\shopping\wp-admin\includes\plugin.php(2314): include_once()
#1 C:\laragon\www\Core\PHP Tutorial\shopping\wp-admin\plugins.php(192): plugin_sandbox_scrape('message.php')
#2 {main}
  thrown in C:\laragon\www\Core\PHP Tutorial\shopping\wp-content\plugins\message.php on line 10

2023-06-10T10:31:57+00:00 CRITICAL Uncaught Error: Call to undefined function add_acction() in C:\laragon\www\Core\PHP Tutorial\shopping\wp-content\plugins\message.php:10
Stack trace:
#0 C:\laragon\www\Core\PHP Tutorial\shopping\wp-admin\includes\plugin.php(2314): include_once()
#1 C:\laragon\www\Core\PHP Tutorial\shopping\wp-admin\plugins.php(192): plugin_sandbox_scrape('message.php')
#2 {main}
  thrown in C:\laragon\www\Core\PHP Tutorial\shopping\wp-content\plugins\message.php on line 10

2023-06-10T10:32:41+00:00 CRITICAL Uncaught Error: Call to undefined function add_acction() in C:\laragon\www\Core\PHP Tutorial\shopping\wp-content\plugins\message.php:10
Stack trace:
#0 C:\laragon\www\Core\PHP Tutorial\shopping\wp-admin\includes\plugin.php(2314): include_once()
#1 C:\laragon\www\Core\PHP Tutorial\shopping\wp-admin\includes\plugin.php(661): plugin_sandbox_scrape('message.php')
#2 C:\laragon\www\Core\PHP Tutorial\shopping\wp-admin\plugins.php(58): activate_plugin('message.php', 'http://shopping...', false)
#3 {main}
  thrown in C:\laragon\www\Core\PHP Tutorial\shopping\wp-content\plugins\message.php on line 10

2023-06-10T10:32:45+00:00 CRITICAL Uncaught Error: Call to undefined function add_acction() in C:\laragon\www\Core\PHP Tutorial\shopping\wp-content\plugins\message.php:10
Stack trace:
#0 C:\laragon\www\Core\PHP Tutorial\shopping\wp-admin\includes\plugin.php(2314): include_once()
#1 C:\laragon\www\Core\PHP Tutorial\shopping\wp-admin\plugins.php(192): plugin_sandbox_scrape('message.php')
#2 {main}
  thrown in C:\laragon\www\Core\PHP Tutorial\shopping\wp-content\plugins\message.php on line 10

2023-06-10T10:32:46+00:00 CRITICAL Uncaught Error: Call to undefined function add_acction() in C:\laragon\www\Core\PHP Tutorial\shopping\wp-content\plugins\message.php:10
Stack trace:
#0 C:\laragon\www\Core\PHP Tutorial\shopping\wp-admin\includes\plugin.php(2314): include_once()
#1 C:\laragon\www\Core\PHP Tutorial\shopping\wp-admin\plugins.php(192): plugin_sandbox_scrape('message.php')
#2 {main}
  thrown in C:\laragon\www\Core\PHP Tutorial\shopping\wp-content\plugins\message.php on line 10

