2023-06-16T08:58:33+00:00 CRITICAL Uncaught Error: Class "Customers_List" not found in C:\laragon\www\Core\PHP Tutorial\shopping\wp-content\plugins\message2.php:300
Stack trace:
#0 C:\laragon\www\Core\PHP Tutorial\shopping\wp-includes\class-wp-hook.php(308): SP_Plugin->screen_option('')
#1 C:\laragon\www\Core\PHP Tutorial\shopping\wp-includes\class-wp-hook.php(332): WP_Hook->apply_filters('', Array)
#2 C:\laragon\www\Core\PHP Tutorial\shopping\wp-includes\plugin.php(517): WP_Hook->do_action(Array)
#3 C:\laragon\www\Core\PHP Tutorial\shopping\wp-admin\admin.php(237): do_action('load-toplevel_p...')
#4 {main}
  thrown in C:\laragon\www\Core\PHP Tutorial\shopping\wp-content\plugins\message2.php on line 300

2023-06-16T10:19:12+00:00 CRITICAL Uncaught TypeError: array_keys(): Argument #1 ($array) must be of type array, null given in C:\laragon\www\Core\PHP Tutorial\shopping\wp-admin\includes\class-wp-list-table.php:1278
Stack trace:
#0 C:\laragon\www\Core\PHP Tutorial\shopping\wp-admin\includes\class-wp-list-table.php(1278): array_keys(NULL)
#1 C:\laragon\www\Core\PHP Tutorial\shopping\wp-admin\includes\class-wp-list-table.php(1473): WP_List_Table->get_column_count()
#2 C:\laragon\www\Core\PHP Tutorial\shopping\wp-admin\includes\class-wp-list-table.php(1398): WP_List_Table->display_rows_or_placeholder()
#3 C:\laragon\www\Core\PHP Tutorial\shopping\wp-content\plugins\owt-table-list.php(54): WP_List_Table->display()
#4 C:\laragon\www\Core\PHP Tutorial\shopping\wp-content\plugins\owt-table-list.php(57): owt_show_data_list_table()
#5 C:\laragon\www\Core\PHP Tutorial\shopping\wp-content\plugins\wp-owt-list-table.php(19): include_once('C:\\laragon\\www\\...')
#6 C:\laragon\www\Core\PHP Tutorial\shopping\wp-includes\class-wp-hook.php(308): wpl_owt_list_table_fn('')
#7 C:\laragon\www\Core\PHP Tutorial\shopping\wp-includes\class-wp-hook.php(332): WP_Hook->apply_filters('', Array)
#8 C:\laragon\www\Core\PHP Tutorial\shopping\wp-includes\plugin.php(517): WP_Hook->do_action(Array)
#9 C:\laragon\www\Core\PHP Tutorial\shopping\wp-admin\admin.php(259): do_action('toplevel_page_o...')
#10 {main}
  thrown in C:\laragon\www\Core\PHP Tutorial\shopping\wp-admin\includes\class-wp-list-table.php on line 1278

2023-06-16T10:21:27+00:00 CRITICAL Uncaught TypeError: array_keys(): Argument #1 ($array) must be of type array, null given in C:\laragon\www\Core\PHP Tutorial\shopping\wp-admin\includes\class-wp-list-table.php:1278
Stack trace:
#0 C:\laragon\www\Core\PHP Tutorial\shopping\wp-admin\includes\class-wp-list-table.php(1278): array_keys(NULL)
#1 C:\laragon\www\Core\PHP Tutorial\shopping\wp-admin\includes\class-wp-list-table.php(1473): WP_List_Table->get_column_count()
#2 C:\laragon\www\Core\PHP Tutorial\shopping\wp-admin\includes\class-wp-list-table.php(1398): WP_List_Table->display_rows_or_placeholder()
#3 C:\laragon\www\Core\PHP Tutorial\shopping\wp-content\plugins\owt-table-list.php(54): WP_List_Table->display()
#4 C:\laragon\www\Core\PHP Tutorial\shopping\wp-content\plugins\owt-table-list.php(57): owt_show_data_list_table()
#5 C:\laragon\www\Core\PHP Tutorial\shopping\wp-content\plugins\wp-owt-list-table.php(19): include_once('C:\\laragon\\www\\...')
#6 C:\laragon\www\Core\PHP Tutorial\shopping\wp-includes\class-wp-hook.php(308): wpl_owt_list_table_fn('')
#7 C:\laragon\www\Core\PHP Tutorial\shopping\wp-includes\class-wp-hook.php(332): WP_Hook->apply_filters('', Array)
#8 C:\laragon\www\Core\PHP Tutorial\shopping\wp-includes\plugin.php(517): WP_Hook->do_action(Array)
#9 C:\laragon\www\Core\PHP Tutorial\shopping\wp-admin\admin.php(259): do_action('toplevel_page_o...')
#10 {main}
  thrown in C:\laragon\www\Core\PHP Tutorial\shopping\wp-admin\includes\class-wp-list-table.php on line 1278

2023-06-16T10:33:55+00:00 CRITICAL syntax error, unexpected token "<" in C:\laragon\www\Core\PHP Tutorial\shopping\wp-content\plugins\owt-table-list.php on line 55

2023-06-16T11:03:52+00:00 CRITICAL Uncaught TypeError: in_array(): Argument #2 ($haystack) must be of type array, null given in C:\laragon\www\Core\PHP Tutorial\shopping\wp-admin\includes\class-wp-list-table.php:1320
Stack trace:
#0 C:\laragon\www\Core\PHP Tutorial\shopping\wp-admin\includes\class-wp-list-table.php(1320): in_array('id', NULL, true)
#1 C:\laragon\www\Core\PHP Tutorial\shopping\wp-admin\includes\class-wp-list-table.php(1387): WP_List_Table->print_column_headers()
#2 C:\laragon\www\Core\PHP Tutorial\shopping\wp-content\plugins\owt-table-list.php(81): WP_List_Table->display()
#3 C:\laragon\www\Core\PHP Tutorial\shopping\wp-content\plugins\owt-table-list.php(84): owt_show_data_list_table()
#4 C:\laragon\www\Core\PHP Tutorial\shopping\wp-content\plugins\wp-owt-list-table.php(19): include_once('C:\\laragon\\www\\...')
#5 C:\laragon\www\Core\PHP Tutorial\shopping\wp-includes\class-wp-hook.php(308): wpl_owt_list_table_fn('')
#6 C:\laragon\www\Core\PHP Tutorial\shopping\wp-includes\class-wp-hook.php(332): WP_Hook->apply_filters('', Array)
#7 C:\laragon\www\Core\PHP Tutorial\shopping\wp-includes\plugin.php(517): WP_Hook->do_action(Array)
#8 C:\laragon\www\Core\PHP Tutorial\shopping\wp-admin\admin.php(259): do_action('toplevel_page_o...')
#9 {main}
  thrown in C:\laragon\www\Core\PHP Tutorial\shopping\wp-admin\includes\class-wp-list-table.php on line 1320

2023-06-16T11:04:09+00:00 CRITICAL Uncaught TypeError: in_array(): Argument #2 ($haystack) must be of type array, null given in C:\laragon\www\Core\PHP Tutorial\shopping\wp-admin\includes\class-wp-list-table.php:1320
Stack trace:
#0 C:\laragon\www\Core\PHP Tutorial\shopping\wp-admin\includes\class-wp-list-table.php(1320): in_array('id', NULL, true)
#1 C:\laragon\www\Core\PHP Tutorial\shopping\wp-admin\includes\class-wp-list-table.php(1387): WP_List_Table->print_column_headers()
#2 C:\laragon\www\Core\PHP Tutorial\shopping\wp-content\plugins\owt-table-list.php(81): WP_List_Table->display()
#3 C:\laragon\www\Core\PHP Tutorial\shopping\wp-content\plugins\owt-table-list.php(84): owt_show_data_list_table()
#4 C:\laragon\www\Core\PHP Tutorial\shopping\wp-content\plugins\wp-owt-list-table.php(19): include_once('C:\\laragon\\www\\...')
#5 C:\laragon\www\Core\PHP Tutorial\shopping\wp-includes\class-wp-hook.php(308): wpl_owt_list_table_fn('')
#6 C:\laragon\www\Core\PHP Tutorial\shopping\wp-includes\class-wp-hook.php(332): WP_Hook->apply_filters('', Array)
#7 C:\laragon\www\Core\PHP Tutorial\shopping\wp-includes\plugin.php(517): WP_Hook->do_action(Array)
#8 C:\laragon\www\Core\PHP Tutorial\shopping\wp-admin\admin.php(259): do_action('toplevel_page_o...')
#9 {main}
  thrown in C:\laragon\www\Core\PHP Tutorial\shopping\wp-admin\includes\class-wp-list-table.php on line 1320

2023-06-16T11:04:12+00:00 CRITICAL Uncaught TypeError: in_array(): Argument #2 ($haystack) must be of type array, null given in C:\laragon\www\Core\PHP Tutorial\shopping\wp-admin\includes\class-wp-list-table.php:1320
Stack trace:
#0 C:\laragon\www\Core\PHP Tutorial\shopping\wp-admin\includes\class-wp-list-table.php(1320): in_array('id', NULL, true)
#1 C:\laragon\www\Core\PHP Tutorial\shopping\wp-admin\includes\class-wp-list-table.php(1387): WP_List_Table->print_column_headers()
#2 C:\laragon\www\Core\PHP Tutorial\shopping\wp-content\plugins\owt-table-list.php(81): WP_List_Table->display()
#3 C:\laragon\www\Core\PHP Tutorial\shopping\wp-content\plugins\owt-table-list.php(84): owt_show_data_list_table()
#4 C:\laragon\www\Core\PHP Tutorial\shopping\wp-content\plugins\wp-owt-list-table.php(19): include_once('C:\\laragon\\www\\...')
#5 C:\laragon\www\Core\PHP Tutorial\shopping\wp-includes\class-wp-hook.php(308): wpl_owt_list_table_fn('')
#6 C:\laragon\www\Core\PHP Tutorial\shopping\wp-includes\class-wp-hook.php(332): WP_Hook->apply_filters('', Array)
#7 C:\laragon\www\Core\PHP Tutorial\shopping\wp-includes\plugin.php(517): WP_Hook->do_action(Array)
#8 C:\laragon\www\Core\PHP Tutorial\shopping\wp-admin\admin.php(259): do_action('toplevel_page_o...')
#9 {main}
  thrown in C:\laragon\www\Core\PHP Tutorial\shopping\wp-admin\includes\class-wp-list-table.php on line 1320

2023-06-16T11:06:04+00:00 CRITICAL Uncaught TypeError: in_array(): Argument #2 ($haystack) must be of type array, null given in C:\laragon\www\Core\PHP Tutorial\shopping\wp-admin\includes\class-wp-list-table.php:1320
Stack trace:
#0 C:\laragon\www\Core\PHP Tutorial\shopping\wp-admin\includes\class-wp-list-table.php(1320): in_array('id', NULL, true)
#1 C:\laragon\www\Core\PHP Tutorial\shopping\wp-admin\includes\class-wp-list-table.php(1387): WP_List_Table->print_column_headers()
#2 C:\laragon\www\Core\PHP Tutorial\shopping\wp-content\plugins\owt-table-list.php(81): WP_List_Table->display()
#3 C:\laragon\www\Core\PHP Tutorial\shopping\wp-content\plugins\owt-table-list.php(84): owt_show_data_list_table()
#4 C:\laragon\www\Core\PHP Tutorial\shopping\wp-content\plugins\wp-owt-list-table.php(19): include_once('C:\\laragon\\www\\...')
#5 C:\laragon\www\Core\PHP Tutorial\shopping\wp-includes\class-wp-hook.php(308): wpl_owt_list_table_fn('')
#6 C:\laragon\www\Core\PHP Tutorial\shopping\wp-includes\class-wp-hook.php(332): WP_Hook->apply_filters('', Array)
#7 C:\laragon\www\Core\PHP Tutorial\shopping\wp-includes\plugin.php(517): WP_Hook->do_action(Array)
#8 C:\laragon\www\Core\PHP Tutorial\shopping\wp-admin\admin.php(259): do_action('toplevel_page_o...')
#9 {main}
  thrown in C:\laragon\www\Core\PHP Tutorial\shopping\wp-admin\includes\class-wp-list-table.php on line 1320

2023-06-16T13:21:44+00:00 CRITICAL Uncaught TypeError: in_array(): Argument #2 ($haystack) must be of type array, null given in C:\laragon\www\Core\PHP Tutorial\shopping\wp-admin\includes\class-wp-list-table.php:1320
Stack trace:
#0 C:\laragon\www\Core\PHP Tutorial\shopping\wp-admin\includes\class-wp-list-table.php(1320): in_array('id', NULL, true)
#1 C:\laragon\www\Core\PHP Tutorial\shopping\wp-admin\includes\class-wp-list-table.php(1387): WP_List_Table->print_column_headers()
#2 C:\laragon\www\Core\PHP Tutorial\shopping\wp-content\plugins\owt-table-list.php(81): WP_List_Table->display()
#3 C:\laragon\www\Core\PHP Tutorial\shopping\wp-content\plugins\owt-table-list.php(84): owt_show_data_list_table()
#4 C:\laragon\www\Core\PHP Tutorial\shopping\wp-content\plugins\wp-owt-list-table.php(19): include_once('C:\\laragon\\www\\...')
#5 C:\laragon\www\Core\PHP Tutorial\shopping\wp-includes\class-wp-hook.php(308): wpl_owt_list_table_fn('')
#6 C:\laragon\www\Core\PHP Tutorial\shopping\wp-includes\class-wp-hook.php(332): WP_Hook->apply_filters('', Array)
#7 C:\laragon\www\Core\PHP Tutorial\shopping\wp-includes\plugin.php(517): WP_Hook->do_action(Array)
#8 C:\laragon\www\Core\PHP Tutorial\shopping\wp-admin\admin.php(259): do_action('toplevel_page_o...')
#9 {main}
  thrown in C:\laragon\www\Core\PHP Tutorial\shopping\wp-admin\includes\class-wp-list-table.php on line 1320

2023-06-16T13:44:57+00:00 CRITICAL syntax error, unexpected string content "", expecting "-" or identifier or variable or number in C:\laragon\www\Core\PHP Tutorial\shopping\wp-content\plugins\owt-table-list.php on line 12

2023-06-16T14:19:57+00:00 CRITICAL Uncaught TypeError: count(): Argument #1 ($value) must be of type Countable|array, null given in C:\laragon\www\Core\PHP Tutorial\shopping\wp-content\plugins\owt-table-list.php:37
Stack trace:
#0 C:\laragon\www\Core\PHP Tutorial\shopping\wp-content\plugins\owt-table-list.php(14): OWTTableList->wp_list_table_data('name', 'asc')
#1 C:\laragon\www\Core\PHP Tutorial\shopping\wp-content\plugins\owt-table-list.php(95): OWTTableList->prepare_items()
#2 C:\laragon\www\Core\PHP Tutorial\shopping\wp-content\plugins\owt-table-list.php(102): owt_show_data_list_table()
#3 C:\laragon\www\Core\PHP Tutorial\shopping\wp-content\plugins\wp-owt-list-table.php(19): include_once('C:\\laragon\\www\\...')
#4 C:\laragon\www\Core\PHP Tutorial\shopping\wp-includes\class-wp-hook.php(308): wpl_owt_list_table_fn('')
#5 C:\laragon\www\Core\PHP Tutorial\shopping\wp-includes\class-wp-hook.php(332): WP_Hook->apply_filters('', Array)
#6 C:\laragon\www\Core\PHP Tutorial\shopping\wp-includes\plugin.php(517): WP_Hook->do_action(Array)
#7 C:\laragon\www\Core\PHP Tutorial\shopping\wp-admin\admin.php(259): do_action('toplevel_page_o...')
#8 {main}
  thrown in C:\laragon\www\Core\PHP Tutorial\shopping\wp-content\plugins\owt-table-list.php on line 37

2023-06-16T14:20:02+00:00 CRITICAL Uncaught TypeError: count(): Argument #1 ($value) must be of type Countable|array, null given in C:\laragon\www\Core\PHP Tutorial\shopping\wp-content\plugins\owt-table-list.php:37
Stack trace:
#0 C:\laragon\www\Core\PHP Tutorial\shopping\wp-content\plugins\owt-table-list.php(14): OWTTableList->wp_list_table_data('', '')
#1 C:\laragon\www\Core\PHP Tutorial\shopping\wp-content\plugins\owt-table-list.php(95): OWTTableList->prepare_items()
#2 C:\laragon\www\Core\PHP Tutorial\shopping\wp-content\plugins\owt-table-list.php(102): owt_show_data_list_table()
#3 C:\laragon\www\Core\PHP Tutorial\shopping\wp-content\plugins\wp-owt-list-table.php(19): include_once('C:\\laragon\\www\\...')
#4 C:\laragon\www\Core\PHP Tutorial\shopping\wp-includes\class-wp-hook.php(308): wpl_owt_list_table_fn('')
#5 C:\laragon\www\Core\PHP Tutorial\shopping\wp-includes\class-wp-hook.php(332): WP_Hook->apply_filters('', Array)
#6 C:\laragon\www\Core\PHP Tutorial\shopping\wp-includes\plugin.php(517): WP_Hook->do_action(Array)
#7 C:\laragon\www\Core\PHP Tutorial\shopping\wp-admin\admin.php(259): do_action('toplevel_page_o...')
#8 {main}
  thrown in C:\laragon\www\Core\PHP Tutorial\shopping\wp-content\plugins\owt-table-list.php on line 37

2023-06-16T14:22:51+00:00 CRITICAL Uncaught TypeError: count(): Argument #1 ($value) must be of type Countable|array, null given in C:\laragon\www\Core\PHP Tutorial\shopping\wp-content\plugins\owt-table-list.php:37
Stack trace:
#0 C:\laragon\www\Core\PHP Tutorial\shopping\wp-content\plugins\owt-table-list.php(14): OWTTableList->wp_list_table_data('name', 'asc')
#1 C:\laragon\www\Core\PHP Tutorial\shopping\wp-content\plugins\owt-table-list.php(95): OWTTableList->prepare_items()
#2 C:\laragon\www\Core\PHP Tutorial\shopping\wp-content\plugins\owt-table-list.php(102): owt_show_data_list_table()
#3 C:\laragon\www\Core\PHP Tutorial\shopping\wp-content\plugins\wp-owt-list-table.php(19): include_once('C:\\laragon\\www\\...')
#4 C:\laragon\www\Core\PHP Tutorial\shopping\wp-includes\class-wp-hook.php(308): wpl_owt_list_table_fn('')
#5 C:\laragon\www\Core\PHP Tutorial\shopping\wp-includes\class-wp-hook.php(332): WP_Hook->apply_filters('', Array)
#6 C:\laragon\www\Core\PHP Tutorial\shopping\wp-includes\plugin.php(517): WP_Hook->do_action(Array)
#7 C:\laragon\www\Core\PHP Tutorial\shopping\wp-admin\admin.php(259): do_action('toplevel_page_o...')
#8 {main}
  thrown in C:\laragon\www\Core\PHP Tutorial\shopping\wp-content\plugins\owt-table-list.php on line 37

2023-06-16T14:30:40+00:00 CRITICAL Uncaught TypeError: count(): Argument #1 ($value) must be of type Countable|array, null given in C:\laragon\www\Core\PHP Tutorial\shopping\wp-content\plugins\owt-table-list.php:37
Stack trace:
#0 C:\laragon\www\Core\PHP Tutorial\shopping\wp-content\plugins\owt-table-list.php(14): OWTTableList->wp_list_table_data('', '')
#1 C:\laragon\www\Core\PHP Tutorial\shopping\wp-content\plugins\owt-table-list.php(97): OWTTableList->prepare_items()
#2 C:\laragon\www\Core\PHP Tutorial\shopping\wp-content\plugins\owt-table-list.php(104): owt_show_data_list_table()
#3 C:\laragon\www\Core\PHP Tutorial\shopping\wp-content\plugins\wp-owt-list-table.php(19): include_once('C:\\laragon\\www\\...')
#4 C:\laragon\www\Core\PHP Tutorial\shopping\wp-includes\class-wp-hook.php(308): wpl_owt_list_table_fn('')
#5 C:\laragon\www\Core\PHP Tutorial\shopping\wp-includes\class-wp-hook.php(332): WP_Hook->apply_filters('', Array)
#6 C:\laragon\www\Core\PHP Tutorial\shopping\wp-includes\plugin.php(517): WP_Hook->do_action(Array)
#7 C:\laragon\www\Core\PHP Tutorial\shopping\wp-admin\admin.php(259): do_action('toplevel_page_o...')
#8 {main}
  thrown in C:\laragon\www\Core\PHP Tutorial\shopping\wp-content\plugins\owt-table-list.php on line 37

2023-06-16T14:30:45+00:00 CRITICAL Uncaught TypeError: count(): Argument #1 ($value) must be of type Countable|array, null given in C:\laragon\www\Core\PHP Tutorial\shopping\wp-content\plugins\owt-table-list.php:37
Stack trace:
#0 C:\laragon\www\Core\PHP Tutorial\shopping\wp-content\plugins\owt-table-list.php(14): OWTTableList->wp_list_table_data('', '')
#1 C:\laragon\www\Core\PHP Tutorial\shopping\wp-content\plugins\owt-table-list.php(97): OWTTableList->prepare_items()
#2 C:\laragon\www\Core\PHP Tutorial\shopping\wp-content\plugins\owt-table-list.php(104): owt_show_data_list_table()
#3 C:\laragon\www\Core\PHP Tutorial\shopping\wp-content\plugins\wp-owt-list-table.php(19): include_once('C:\\laragon\\www\\...')
#4 C:\laragon\www\Core\PHP Tutorial\shopping\wp-includes\class-wp-hook.php(308): wpl_owt_list_table_fn('')
#5 C:\laragon\www\Core\PHP Tutorial\shopping\wp-includes\class-wp-hook.php(332): WP_Hook->apply_filters('', Array)
#6 C:\laragon\www\Core\PHP Tutorial\shopping\wp-includes\plugin.php(517): WP_Hook->do_action(Array)
#7 C:\laragon\www\Core\PHP Tutorial\shopping\wp-admin\admin.php(259): do_action('toplevel_page_o...')
#8 {main}
  thrown in C:\laragon\www\Core\PHP Tutorial\shopping\wp-content\plugins\owt-table-list.php on line 37

