2023-06-06T08:34:12+00:00 CRITICAL Uncaught Error: Undefined constant "thamso2" in C:\laragon\www\Core\PHP Tutorial\shopping\wp-content\plugins\shortcode-tut.php:22
Stack trace:
#0 C:\laragon\www\Core\PHP Tutorial\shopping\wp-includes\shortcodes.php(355): create_shortcode1(Array, '', 'shortcode1')
#1 [internal function]: do_shortcode_tag(Array)
#2 C:\laragon\www\Core\PHP Tutorial\shopping\wp-includes\shortcodes.php(227): preg_replace_callback('/\\[(\\[?)(shortc...', 'do_shortcode_ta...', '[shortcode1 tha...')
#3 C:\laragon\www\Core\PHP Tutorial\shopping\wp-includes\class-wp-hook.php(308): do_shortcode('[shortcode1 tha...')
#4 C:\laragon\www\Core\PHP Tutorial\shopping\wp-includes\plugin.php(205): WP_Hook->apply_filters('[shortcode1 tha...', Array)
#5 C:\laragon\www\Core\PHP Tutorial\shopping\wp-includes\post-template.php(255): apply_filters('the_content', '[shortcode1 tha...')
#6 C:\laragon\www\Core\PHP Tutorial\shopping\wp-content\themes\orchid-store\template-parts\content-single.php(84): the_content()
#7 C:\laragon\www\Core\PHP Tutorial\shopping\wp-includes\template.php(785): require('C:\\laragon\\www\\...')
#8 C:\laragon\www\Core\PHP Tutorial\shopping\wp-includes\template.php(718): load_template('C:\\laragon\\www\\...', false, Array)
#9 C:\laragon\www\Core\PHP Tutorial\shopping\wp-includes\general-template.php(204): locate_template(Array, true, false, Array)
#10 C:\laragon\www\Core\PHP Tutorial\shopping\wp-content\themes\orchid-store\single.php(31): get_template_part('template-parts/...', 'single')
#11 C:\laragon\www\Core\PHP Tutorial\shopping\wp-includes\template-loader.php(106): include('C:\\laragon\\www\\...')
#12 C:\laragon\www\Core\PHP Tutorial\shopping\wp-blog-header.php(19): require_once('C:\\laragon\\www\\...')
#13 C:\laragon\www\Core\PHP Tutorial\shopping\index.php(17): require('C:\\laragon\\www\\...')
#14 {main}
  thrown in C:\laragon\www\Core\PHP Tutorial\shopping\wp-content\plugins\shortcode-tut.php on line 22

2023-06-06T09:28:14+00:00 CRITICAL Uncaught Error: Undefined constant "thamso1" in C:\laragon\www\Core\PHP Tutorial\shopping\wp-content\plugins\shortcode-tut.php:23
Stack trace:
#0 C:\laragon\www\Core\PHP Tutorial\shopping\wp-includes\shortcodes.php(355): create_shortcode1(Array, '', 'shortcode1')
#1 [internal function]: do_shortcode_tag(Array)
#2 C:\laragon\www\Core\PHP Tutorial\shopping\wp-includes\shortcodes.php(227): preg_replace_callback('/\\[(\\[?)(shortc...', 'do_shortcode_ta...', '[shortcode1 tha...')
#3 C:\laragon\www\Core\PHP Tutorial\shopping\wp-includes\class-wp-hook.php(308): do_shortcode('[shortcode1 tha...')
#4 C:\laragon\www\Core\PHP Tutorial\shopping\wp-includes\plugin.php(205): WP_Hook->apply_filters('[shortcode1 tha...', Array)
#5 C:\laragon\www\Core\PHP Tutorial\shopping\wp-includes\post-template.php(255): apply_filters('the_content', '[shortcode1 tha...')
#6 C:\laragon\www\Core\PHP Tutorial\shopping\wp-content\themes\orchid-store\template-parts\content-single.php(84): the_content()
#7 C:\laragon\www\Core\PHP Tutorial\shopping\wp-includes\template.php(785): require('C:\\laragon\\www\\...')
#8 C:\laragon\www\Core\PHP Tutorial\shopping\wp-includes\template.php(718): load_template('C:\\laragon\\www\\...', false, Array)
#9 C:\laragon\www\Core\PHP Tutorial\shopping\wp-includes\general-template.php(204): locate_template(Array, true, false, Array)
#10 C:\laragon\www\Core\PHP Tutorial\shopping\wp-content\themes\orchid-store\single.php(31): get_template_part('template-parts/...', 'single')
#11 C:\laragon\www\Core\PHP Tutorial\shopping\wp-includes\template-loader.php(106): include('C:\\laragon\\www\\...')
#12 C:\laragon\www\Core\PHP Tutorial\shopping\wp-blog-header.php(19): require_once('C:\\laragon\\www\\...')
#13 C:\laragon\www\Core\PHP Tutorial\shopping\index.php(17): require('C:\\laragon\\www\\...')
#14 {main}
  thrown in C:\laragon\www\Core\PHP Tutorial\shopping\wp-content\plugins\shortcode-tut.php on line 23

